# JRE version: Java(TM) SE Runtime Environment (8.0_231-b11) (build 1.8.0_231-b11)
# Java VM: Java HotSpot(TM) 64-Bit Server VM (25.231-b11 mixed mode windows-amd64 compressed oops)
Heap:
 PSYoungGen      total 111104K, used 30155K [0x00000000d6000000, 0x00000000df400000, 0x0000000100000000)
  eden space 100864K, 19% used [0x00000000d6000000,0x00000000d73761f8,0x00000000dc280000)
  from space 10240K, 99% used [0x00000000dea00000,0x00000000df3fccf8,0x00000000df400000)
  to   space 12288K, 0% used [0x00000000ddc00000,0x00000000ddc00000,0x00000000de800000)
 ParOldGen       total 62464K, used 13105K [0x0000000082000000, 0x0000000085d00000, 0x00000000d6000000)
  object space 62464K, 20% used [0x0000000082000000,0x0000000082ccc7c0,0x0000000085d00000)
 Metaspace       used 25107K, capacity 25786K, committed 25984K, reserved 1073152K
  class space    used 2952K, capacity 3078K, committed 3200K, reserved 1048576K
GC Heap History (10 events):
Event: 3.337 GC heap before
{Heap before GC invocations=3 (full 0):
 PSYoungGen      total 37888K, used 37879K [0x00000000d6000000, 0x00000000d8a00000, 0x0000000100000000)
  eden space 32768K, 100% used [0x00000000d6000000,0x00000000d8000000,0x00000000d8000000)
  from space 5120K, 99% used [0x00000000d8500000,0x00000000d89fdd58,0x00000000d8a00000)
  to   space 5120K, 0% used [0x00000000d8000000,0x00000000d8000000,0x00000000d8500000)
 ParOldGen       total 86016K, used 2025K [0x0000000082000000, 0x0000000087400000, 0x00000000d6000000)
  object space 86016K, 2% used [0x0000000082000000,0x00000000821fa5e0,0x0000000087400000)
 Metaspace       used 15648K, capacity 15908K, committed 16128K, reserved 1062912K
  class space    used 1909K, capacity 2005K, committed 2048K, reserved 1048576K
Event: 3.376 GC heap after
Heap after GC invocations=3 (full 0):
 PSYoungGen      total 37888K, used 5088K [0x00000000d6000000, 0x00000000daa00000, 0x0000000100000000)
  eden space 32768K, 0% used [0x00000000d6000000,0x00000000d6000000,0x00000000d8000000)
  from space 5120K, 99% used [0x00000000d8000000,0x00000000d84f8070,0x00000000d8500000)
  to   space 5120K, 0% used [0x00000000da500000,0x00000000da500000,0x00000000daa00000)
 ParOldGen       total 86016K, used 4697K [0x0000000082000000, 0x0000000087400000, 0x00000000d6000000)
  object space 86016K, 5% used [0x0000000082000000,0x0000000082496660,0x0000000087400000)
 Metaspace       used 15648K, capacity 15908K, committed 16128K, reserved 1062912K
  class space    used 1909K, capacity 2005K, committed 2048K, reserved 1048576K
}
Event: 4.356 GC heap before
{Heap before GC invocations=4 (full 0):
 PSYoungGen      total 37888K, used 37856K [0x00000000d6000000, 0x00000000daa00000, 0x0000000100000000)
  eden space 32768K, 100% used [0x00000000d6000000,0x00000000d8000000,0x00000000d8000000)
  from space 5120K, 99% used [0x00000000d8000000,0x00000000d84f8070,0x00000000d8500000)
  to   space 5120K, 0% used [0x00000000da500000,0x00000000da500000,0x00000000daa00000)
 ParOldGen       total 86016K, used 4697K [0x0000000082000000, 0x0000000087400000, 0x00000000d6000000)
  object space 86016K, 5% used [0x0000000082000000,0x0000000082496660,0x0000000087400000)
 Metaspace       used 16306K, capacity 16690K, committed 16896K, reserved 1064960K
  class space    used 1946K, capacity 2044K, committed 2048K, reserved 1048576K
Event: 4.367 GC heap after
Heap after GC invocations=4 (full 0):
 PSYoungGen      total 70656K, used 5112K [0x00000000d6000000, 0x00000000daa00000, 0x0000000100000000)
  eden space 65536K, 0% used [0x00000000d6000000,0x00000000d6000000,0x00000000da000000)
  from space 5120K, 99% used [0x00000000da500000,0x00000000da9fe030,0x00000000daa00000)
  to   space 5120K, 0% used [0x00000000da000000,0x00000000da000000,0x00000000da500000)
 ParOldGen       total 86016K, used 6980K [0x0000000082000000, 0x0000000087400000, 0x00000000d6000000)
  object space 86016K, 8% used [0x0000000082000000,0x00000000826d12e8,0x0000000087400000)
 Metaspace       used 16306K, capacity 16690K, committed 16896K, reserved 1064960K
  class space    used 1946K, capacity 2044K, committed 2048K, reserved 1048576K
}
Event: 6.677 GC heap before
{Heap before GC invocations=5 (full 0):
 PSYoungGen      total 70656K, used 62303K [0x00000000d6000000, 0x00000000daa00000, 0x0000000100000000)
  eden space 65536K, 87% used [0x00000000d6000000,0x00000000d97d9c88,0x00000000da000000)
  from space 5120K, 99% used [0x00000000da500000,0x00000000da9fe030,0x00000000daa00000)
  to   space 5120K, 0% used [0x00000000da000000,0x00000000da000000,0x00000000da500000)
 ParOldGen       total 86016K, used 6980K [0x0000000082000000, 0x0000000087400000, 0x00000000d6000000)
  object space 86016K, 8% used [0x0000000082000000,0x00000000826d12e8,0x0000000087400000)
 Metaspace       used 20626K, capacity 21136K, committed 21296K, reserved 1069056K
  class space    used 2493K, capacity 2613K, committed 2688K, reserved 1048576K
Event: 6.689 GC heap after
Heap after GC invocations=5 (full 0):
 PSYoungGen      total 70656K, used 5096K [0x00000000d6000000, 0x00000000df400000, 0x0000000100000000)
  eden space 65536K, 0% used [0x00000000d6000000,0x00000000d6000000,0x00000000da000000)
  from space 5120K, 99% used [0x00000000da000000,0x00000000da4fa020,0x00000000da500000)
  to   space 10240K, 0% used [0x00000000dea00000,0x00000000dea00000,0x00000000df400000)
 ParOldGen       total 86016K, used 11056K [0x0000000082000000, 0x0000000087400000, 0x00000000d6000000)
  object space 86016K, 12% used [0x0000000082000000,0x0000000082acc030,0x0000000087400000)
 Metaspace       used 20626K, capacity 21136K, committed 21296K, reserved 1069056K
  class space    used 2493K, capacity 2613K, committed 2688K, reserved 1048576K
}
Event: 6.689 GC heap before
{Heap before GC invocations=6 (full 1):
 PSYoungGen      total 70656K, used 5096K [0x00000000d6000000, 0x00000000df400000, 0x0000000100000000)
  eden space 65536K, 0% used [0x00000000d6000000,0x00000000d6000000,0x00000000da000000)
  from space 5120K, 99% used [0x00000000da000000,0x00000000da4fa020,0x00000000da500000)
  to   space 10240K, 0% used [0x00000000dea00000,0x00000000dea00000,0x00000000df400000)
 ParOldGen       total 86016K, used 11056K [0x0000000082000000, 0x0000000087400000, 0x00000000d6000000)
  object space 86016K, 12% used [0x0000000082000000,0x0000000082acc030,0x0000000087400000)
 Metaspace       used 20626K, capacity 21136K, committed 21296K, reserved 1069056K
  class space    used 2493K, capacity 2613K, committed 2688K, reserved 1048576K
Event: 6.765 GC heap after
Heap after GC invocations=6 (full 1):
 PSYoungGen      total 70656K, used 0K [0x00000000d6000000, 0x00000000df400000, 0x0000000100000000)
  eden space 65536K, 0% used [0x00000000d6000000,0x00000000d6000000,0x00000000da000000)
  from space 5120K, 0% used [0x00000000da000000,0x00000000da000000,0x00000000da500000)
  to   space 10240K, 0% used [0x00000000dea00000,0x00000000dea00000,0x00000000df400000)
 ParOldGen       total 62464K, used 11001K [0x0000000082000000, 0x0000000085d00000, 0x00000000d6000000)
  object space 62464K, 17% used [0x0000000082000000,0x0000000082abe410,0x0000000085d00000)
 Metaspace       used 20626K, capacity 21136K, committed 21296K, reserved 1069056K
  class space    used 2493K, capacity 2613K, committed 2688K, reserved 1048576K
}
Event: 9.333 GC heap before
{Heap before GC invocations=7 (full 1):
 PSYoungGen      total 70656K, used 65536K [0x00000000d6000000, 0x00000000df400000, 0x0000000100000000)
  eden space 65536K, 100% used [0x00000000d6000000,0x00000000da000000,0x00000000da000000)
  from space 5120K, 0% used [0x00000000da000000,0x00000000da000000,0x00000000da500000)
  to   space 10240K, 0% used [0x00000000dea00000,0x00000000dea00000,0x00000000df400000)
 ParOldGen       total 62464K, used 11001K [0x0000000082000000, 0x0000000085d00000, 0x00000000d6000000)
  object space 62464K, 17% used [0x0000000082000000,0x0000000082abe410,0x0000000085d00000)
 Metaspace       used 23736K, capacity 24386K, committed 24448K, reserved 1071104K
  class space    used 2763K, capacity 2910K, committed 2944K, reserved 1048576K
Event: 9.347 GC heap after
Heap after GC invocations=7 (full 1):
 PSYoungGen      total 111104K, used 10227K [0x00000000d6000000, 0x00000000df400000, 0x0000000100000000)
  eden space 100864K, 0% used [0x00000000d6000000,0x00000000d6000000,0x00000000dc280000)
  from space 10240K, 99% used [0x00000000dea00000,0x00000000df3fccf8,0x00000000df400000)
  to   space 12288K, 0% used [0x00000000ddc00000,0x00000000ddc00000,0x00000000de800000)
 ParOldGen       total 62464K, used 13105K [0x0000000082000000, 0x0000000085d00000, 0x00000000d6000000)
  object space 62464K, 20% used [0x0000000082000000,0x0000000082ccc7c0,0x0000000085d00000)
 Metaspace       used 23736K, capacity 24386K, committed 24448K, reserved 1071104K
  class space    used 2763K, capacity 2910K, committed 2944K, reserved 1048576K
}

