# JRE version: Java(TM) SE Runtime Environment (8.0_231-b11) (build 1.8.0_231-b11)
# Java VM: Java HotSpot(TM) 64-Bit Server VM (25.231-b11 mixed mode windows-amd64 compressed oops)
Heap:
 PSYoungGen      total 63488K, used 33016K [0x00000000d6000000, 0x00000000dd580000, 0x0000000100000000)
  eden space 58368K, 47% used [0x00000000d6000000,0x00000000d7b44810,0x00000000d9900000)
  from space 5120K, 99% used [0x00000000da500000,0x00000000da9f9840,0x00000000daa00000)
  to   space 12288K, 0% used [0x00000000d9900000,0x00000000d9900000,0x00000000da500000)
 ParOldGen       total 65024K, used 17951K [0x0000000082000000, 0x0000000085f80000, 0x00000000d6000000)
  object space 65024K, 27% used [0x0000000082000000,0x0000000083187f30,0x0000000085f80000)
 Metaspace       used 27209K, capacity 27804K, committed 28032K, reserved 1073152K
  class space    used 3203K, capacity 3365K, committed 3456K, reserved 1048576K
GC Heap History (10 events):
Event: 3.810 GC heap before
{Heap before GC invocations=3 (full 0):
 PSYoungGen      total 37888K, used 37883K [0x00000000d6000000, 0x00000000d8a00000, 0x0000000100000000)
  eden space 32768K, 100% used [0x00000000d6000000,0x00000000d8000000,0x00000000d8000000)
  from space 5120K, 99% used [0x00000000d8500000,0x00000000d89fec88,0x00000000d8a00000)
  to   space 5120K, 0% used [0x00000000d8000000,0x00000000d8000000,0x00000000d8500000)
 ParOldGen       total 86016K, used 2145K [0x0000000082000000, 0x0000000087400000, 0x00000000d6000000)
  object space 86016K, 2% used [0x0000000082000000,0x0000000082218568,0x0000000087400000)
 Metaspace       used 15675K, capacity 15972K, committed 16128K, reserved 1062912K
  class space    used 1910K, capacity 2005K, committed 2048K, reserved 1048576K
Event: 3.827 GC heap after
Heap after GC invocations=3 (full 0):
 PSYoungGen      total 37888K, used 5089K [0x00000000d6000000, 0x00000000daa00000, 0x0000000100000000)
  eden space 32768K, 0% used [0x00000000d6000000,0x00000000d6000000,0x00000000d8000000)
  from space 5120K, 99% used [0x00000000d8000000,0x00000000d84f8470,0x00000000d8500000)
  to   space 5120K, 0% used [0x00000000da500000,0x00000000da500000,0x00000000daa00000)
 ParOldGen       total 86016K, used 5088K [0x0000000082000000, 0x0000000087400000, 0x00000000d6000000)
  object space 86016K, 5% used [0x0000000082000000,0x00000000824f8078,0x0000000087400000)
 Metaspace       used 15675K, capacity 15972K, committed 16128K, reserved 1062912K
  class space    used 1910K, capacity 2005K, committed 2048K, reserved 1048576K
}
Event: 5.783 GC heap before
{Heap before GC invocations=4 (full 0):
 PSYoungGen      total 37888K, used 37857K [0x00000000d6000000, 0x00000000daa00000, 0x0000000100000000)
  eden space 32768K, 100% used [0x00000000d6000000,0x00000000d8000000,0x00000000d8000000)
  from space 5120K, 99% used [0x00000000d8000000,0x00000000d84f8470,0x00000000d8500000)
  to   space 5120K, 0% used [0x00000000da500000,0x00000000da500000,0x00000000daa00000)
 ParOldGen       total 86016K, used 5088K [0x0000000082000000, 0x0000000087400000, 0x00000000d6000000)
  object space 86016K, 5% used [0x0000000082000000,0x00000000824f8078,0x0000000087400000)
 Metaspace       used 16358K, capacity 16704K, committed 16896K, reserved 1064960K
  class space    used 1952K, capacity 2046K, committed 2048K, reserved 1048576K
Event: 5.790 GC heap after
Heap after GC invocations=4 (full 0):
 PSYoungGen      total 70656K, used 5105K [0x00000000d6000000, 0x00000000daa00000, 0x0000000100000000)
  eden space 65536K, 0% used [0x00000000d6000000,0x00000000d6000000,0x00000000da000000)
  from space 5120K, 99% used [0x00000000da500000,0x00000000da9fc440,0x00000000daa00000)
  to   space 5120K, 0% used [0x00000000da000000,0x00000000da000000,0x00000000da500000)
 ParOldGen       total 86016K, used 7514K [0x0000000082000000, 0x0000000087400000, 0x00000000d6000000)
  object space 86016K, 8% used [0x0000000082000000,0x0000000082756878,0x0000000087400000)
 Metaspace       used 16358K, capacity 16704K, committed 16896K, reserved 1064960K
  class space    used 1952K, capacity 2046K, committed 2048K, reserved 1048576K
}
Event: 7.610 GC heap before
{Heap before GC invocations=5 (full 0):
 PSYoungGen      total 70656K, used 55756K [0x00000000d6000000, 0x00000000daa00000, 0x0000000100000000)
  eden space 65536K, 77% used [0x00000000d6000000,0x00000000d9176dc0,0x00000000da000000)
  from space 5120K, 99% used [0x00000000da500000,0x00000000da9fc440,0x00000000daa00000)
  to   space 5120K, 0% used [0x00000000da000000,0x00000000da000000,0x00000000da500000)
 ParOldGen       total 86016K, used 7514K [0x0000000082000000, 0x0000000087400000, 0x00000000d6000000)
  object space 86016K, 8% used [0x0000000082000000,0x0000000082756878,0x0000000087400000)
 Metaspace       used 20682K, capacity 21176K, committed 21296K, reserved 1069056K
  class space    used 2502K, capacity 2645K, committed 2688K, reserved 1048576K
Event: 7.657 GC heap after
Heap after GC invocations=5 (full 0):
 PSYoungGen      total 70656K, used 5089K [0x00000000d6000000, 0x00000000daa00000, 0x0000000100000000)
  eden space 65536K, 0% used [0x00000000d6000000,0x00000000d6000000,0x00000000da000000)
  from space 5120K, 99% used [0x00000000da000000,0x00000000da4f8450,0x00000000da500000)
  to   space 5120K, 0% used [0x00000000da500000,0x00000000da500000,0x00000000daa00000)
 ParOldGen       total 86016K, used 11290K [0x0000000082000000, 0x0000000087400000, 0x00000000d6000000)
  object space 86016K, 13% used [0x0000000082000000,0x0000000082b06930,0x0000000087400000)
 Metaspace       used 20682K, capacity 21176K, committed 21296K, reserved 1069056K
  class space    used 2502K, capacity 2645K, committed 2688K, reserved 1048576K
}
Event: 7.657 GC heap before
{Heap before GC invocations=6 (full 1):
 PSYoungGen      total 70656K, used 5089K [0x00000000d6000000, 0x00000000daa00000, 0x0000000100000000)
  eden space 65536K, 0% used [0x00000000d6000000,0x00000000d6000000,0x00000000da000000)
  from space 5120K, 99% used [0x00000000da000000,0x00000000da4f8450,0x00000000da500000)
  to   space 5120K, 0% used [0x00000000da500000,0x00000000da500000,0x00000000daa00000)
 ParOldGen       total 86016K, used 11290K [0x0000000082000000, 0x0000000087400000, 0x00000000d6000000)
  object space 86016K, 13% used [0x0000000082000000,0x0000000082b06930,0x0000000087400000)
 Metaspace       used 20682K, capacity 21176K, committed 21296K, reserved 1069056K
  class space    used 2502K, capacity 2645K, committed 2688K, reserved 1048576K
Event: 7.761 GC heap after
Heap after GC invocations=6 (full 1):
 PSYoungGen      total 70656K, used 0K [0x00000000d6000000, 0x00000000daa00000, 0x0000000100000000)
  eden space 65536K, 0% used [0x00000000d6000000,0x00000000d6000000,0x00000000da000000)
  from space 5120K, 0% used [0x00000000da000000,0x00000000da000000,0x00000000da500000)
  to   space 5120K, 0% used [0x00000000da500000,0x00000000da500000,0x00000000daa00000)
 ParOldGen       total 65024K, used 10756K [0x0000000082000000, 0x0000000085f80000, 0x00000000d6000000)
  object space 65024K, 16% used [0x0000000082000000,0x0000000082a813b0,0x0000000085f80000)
 Metaspace       used 20682K, capacity 21176K, committed 21296K, reserved 1069056K
  class space    used 2502K, capacity 2645K, committed 2688K, reserved 1048576K
}
Event: 10.352 GC heap before
{Heap before GC invocations=7 (full 1):
 PSYoungGen      total 70656K, used 65536K [0x00000000d6000000, 0x00000000daa00000, 0x0000000100000000)
  eden space 65536K, 100% used [0x00000000d6000000,0x00000000da000000,0x00000000da000000)
  from space 5120K, 0% used [0x00000000da000000,0x00000000da000000,0x00000000da500000)
  to   space 5120K, 0% used [0x00000000da500000,0x00000000da500000,0x00000000daa00000)
 ParOldGen       total 65024K, used 10756K [0x0000000082000000, 0x0000000085f80000, 0x00000000d6000000)
  object space 65024K, 16% used [0x0000000082000000,0x0000000082a813b0,0x0000000085f80000)
 Metaspace       used 23577K, capacity 24196K, committed 24448K, reserved 1071104K
  class space    used 2753K, capacity 2909K, committed 2944K, reserved 1048576K
Event: 10.364 GC heap after
Heap after GC invocations=7 (full 1):
 PSYoungGen      total 63488K, used 5094K [0x00000000d6000000, 0x00000000dd580000, 0x0000000100000000)
  eden space 58368K, 0% used [0x00000000d6000000,0x00000000d6000000,0x00000000d9900000)
  from space 5120K, 99% used [0x00000000da500000,0x00000000da9f9840,0x00000000daa00000)
  to   space 12288K, 0% used [0x00000000d9900000,0x00000000d9900000,0x00000000da500000)
 ParOldGen       total 65024K, used 17951K [0x0000000082000000, 0x0000000085f80000, 0x00000000d6000000)
  object space 65024K, 27% used [0x0000000082000000,0x0000000083187f30,0x0000000085f80000)
 Metaspace       used 23577K, capacity 24196K, committed 24448K, reserved 1071104K
  class space    used 2753K, capacity 2909K, committed 2944K, reserved 1048576K
}

